app/build/intermediates/manifest_merge_blame_file/debug/manifest-merger-blame-debug-report.txt
1<?xml version="1.0" encoding="utf-8"?>
2<manifest xmlns:android="http://schemas.android.com/apk/res/android"
3    package="ru.netology"
4    android:versionCode="1"
5    android:versionName="1.0" >
6
7    <uses-sdk
8        android:minSdkVersion="22"
8-->src\main\AndroidManifest.xml
9        android:targetSdkVersion="30" />
9-->src\main\AndroidManifest.xml
10
11    <uses-permission android:name="android.permission.INTERNET" />
11-->src\main\AndroidManifest.xml:6:5-67
11-->src\main\AndroidManifest.xml:6:22-64
12
13    <!-- Although the *SdkVersion is captured in gradle build files, this is required for non gradle builds -->
14    <!-- <uses-sdk android:minSdkVersion="14"/> -->
15    <uses-permission android:name="android.permission.ACCESS_NETWORK_STATE" />
15-->[com.google.android.datatransport:transport-backend-cct:2.3.3] AndroidManifest.xml:25:5-79
15-->[com.google.android.datatransport:transport-backend-cct:2.3.3] AndroidManifest.xml:25:22-76
16    <uses-permission android:name="android.permission.WAKE_LOCK" /> <!-- Required by older versions of Google Play services to create IID tokens -->
16-->[com.google.firebase:firebase-iid:21.0.1] AndroidManifest.xml:24:5-68
16-->[com.google.firebase:firebase-iid:21.0.1] AndroidManifest.xml:24:22-65
17    <uses-permission android:name="com.google.android.c2dm.permission.RECEIVE" />
17-->[com.google.firebase:firebase-iid:21.0.1] AndroidManifest.xml:26:5-82
17-->[com.google.firebase:firebase-iid:21.0.1] AndroidManifest.xml:26:22-79
18
19    <application
20        android:allowBackup="true"
20-->src\main\AndroidManifest.xml:8:9-35
21        android:appComponentFactory="androidx.core.app.CoreComponentFactory"
21-->[androidx.core:core:1.3.2] AndroidManifest.xml:24:18-86
22        android:debuggable="true"
23        android:icon="@mipmap/ic_launcher"
23-->src\main\AndroidManifest.xml:9:9-43
24        android:label="@string/app_name"
24-->src\main\AndroidManifest.xml:10:9-41
25        android:roundIcon="@mipmap/ic_launcher_round"
25-->src\main\AndroidManifest.xml:11:9-54
26        android:supportsRtl="true"
26-->src\main\AndroidManifest.xml:12:9-35
27        android:testOnly="true"
28        android:theme="@style/Theme.NMedia"
28-->src\main\AndroidManifest.xml:13:9-44
29        android:usesCleartextTraffic="true" >
29-->src\main\AndroidManifest.xml:14:9-63
30        <activity android:name="ru.netology.Activity.AppActivity" >
30-->src\main\AndroidManifest.xml:17:9-32:20
30-->src\main\AndroidManifest.xml:17:19-55
31            <intent-filter>
31-->src\main\AndroidManifest.xml:20:13-26:29
32                <action android:name="android.intent.action.SEND" />
32-->src\main\AndroidManifest.xml:21:17-69
32-->src\main\AndroidManifest.xml:21:25-66
33
34                <category android:name="android.intent.category.DEFAULT" />
34-->src\main\AndroidManifest.xml:23:17-76
34-->src\main\AndroidManifest.xml:23:27-73
35
36                <data android:mimeType="text/plain" />
36-->src\main\AndroidManifest.xml:25:17-55
36-->src\main\AndroidManifest.xml:25:23-52
37            </intent-filter>
38            <intent-filter>
38-->src\main\AndroidManifest.xml:27:13-31:29
39                <action android:name="android.intent.action.MAIN" />
39-->src\main\AndroidManifest.xml:28:17-69
39-->src\main\AndroidManifest.xml:28:25-66
40
41                <category android:name="android.intent.category.LAUNCHER" />
41-->src\main\AndroidManifest.xml:30:17-77
41-->src\main\AndroidManifest.xml:30:27-74
42            </intent-filter>
43        </activity>
44
45        <service
45-->src\main\AndroidManifest.xml:33:9-39:19
46            android:name="ru.netology.service.FCMService"
46-->src\main\AndroidManifest.xml:34:13-47
47            android:exported="false" >
47-->src\main\AndroidManifest.xml:35:13-37
48            <intent-filter>
48-->src\main\AndroidManifest.xml:36:13-38:29
49                <action android:name="com.google.firebase.MESSAGING_EVENT" />
49-->src\main\AndroidManifest.xml:37:17-78
49-->src\main\AndroidManifest.xml:37:25-75
50            </intent-filter>
51        </service>
52        <service
52-->[com.google.firebase:firebase-messaging-ktx:21.0.1] AndroidManifest.xml:26:9-32:19
53            android:name="com.google.firebase.components.ComponentDiscoveryService"
53-->[com.google.firebase:firebase-messaging-ktx:21.0.1] AndroidManifest.xml:27:13-84
54            android:directBootAware="true"
54-->[com.google.firebase:firebase-common:19.5.0] AndroidManifest.xml:35:13-43
55            android:exported="false" >
55-->[com.google.firebase:firebase-messaging-ktx:21.0.1] AndroidManifest.xml:28:13-37
56            <meta-data
56-->[com.google.firebase:firebase-messaging-ktx:21.0.1] AndroidManifest.xml:29:13-31:85
57                android:name="com.google.firebase.components:com.google.firebase.messaging.ktx.FirebaseMessagingKtxRegistrar"
57-->[com.google.firebase:firebase-messaging-ktx:21.0.1] AndroidManifest.xml:30:17-126
58                android:value="com.google.firebase.components.ComponentRegistrar" />
58-->[com.google.firebase:firebase-messaging-ktx:21.0.1] AndroidManifest.xml:31:17-82
59            <meta-data
59-->[com.google.firebase:firebase-common-ktx:19.5.0] AndroidManifest.xml:15:13-17:85
60                android:name="com.google.firebase.components:com.google.firebase.ktx.FirebaseCommonKtxRegistrar"
60-->[com.google.firebase:firebase-common-ktx:19.5.0] AndroidManifest.xml:16:17-113
61                android:value="com.google.firebase.components.ComponentRegistrar" />
61-->[com.google.firebase:firebase-common-ktx:19.5.0] AndroidManifest.xml:17:17-82
62            <meta-data
62-->[com.google.firebase:firebase-messaging:21.0.1] AndroidManifest.xml:39:13-41:85
63                android:name="com.google.firebase.components:com.google.firebase.messaging.FirebaseMessagingRegistrar"
63-->[com.google.firebase:firebase-messaging:21.0.1] AndroidManifest.xml:40:17-119
64                android:value="com.google.firebase.components.ComponentRegistrar" />
64-->[com.google.firebase:firebase-messaging:21.0.1] AndroidManifest.xml:41:17-82
65            <meta-data
65-->[com.google.firebase:firebase-datatransport:17.0.10] AndroidManifest.xml:28:13-30:85
66                android:name="com.google.firebase.components:com.google.firebase.datatransport.TransportRegistrar"
66-->[com.google.firebase:firebase-datatransport:17.0.10] AndroidManifest.xml:29:17-115
67                android:value="com.google.firebase.components.ComponentRegistrar" />
67-->[com.google.firebase:firebase-datatransport:17.0.10] AndroidManifest.xml:30:17-82
68            <meta-data
68-->[com.google.firebase:firebase-iid:21.0.1] AndroidManifest.xml:32:13-34:85
69                android:name="com.google.firebase.components:com.google.firebase.iid.Registrar"
69-->[com.google.firebase:firebase-iid:21.0.1] AndroidManifest.xml:33:17-96
70                android:value="com.google.firebase.components.ComponentRegistrar" />
70-->[com.google.firebase:firebase-iid:21.0.1] AndroidManifest.xml:34:17-82
71            <meta-data
71-->[com.google.firebase:firebase-installations:16.3.5] AndroidManifest.xml:18:13-20:85
72                android:name="com.google.firebase.components:com.google.firebase.installations.FirebaseInstallationsRegistrar"
72-->[com.google.firebase:firebase-installations:16.3.5] AndroidManifest.xml:19:17-127
73                android:value="com.google.firebase.components.ComponentRegistrar" />
73-->[com.google.firebase:firebase-installations:16.3.5] AndroidManifest.xml:20:17-82
74            <!--
75                This registrar is not defined in the dynamic-module-support sdk itself to allow non-firebase
76                clients to use it as well, by defining this registrar in their own core/common library.
77            -->
78            <meta-data
78-->[com.google.firebase:firebase-common:19.5.0] AndroidManifest.xml:43:13-45:85
79                android:name="com.google.firebase.components:com.google.firebase.dynamicloading.DynamicLoadingRegistrar"
79-->[com.google.firebase:firebase-common:19.5.0] AndroidManifest.xml:44:17-121
80                android:value="com.google.firebase.components.ComponentRegistrar" />
80-->[com.google.firebase:firebase-common:19.5.0] AndroidManifest.xml:45:17-82
81        </service>
82        <service
82-->[androidx.room:room-runtime:2.2.6] AndroidManifest.xml:25:9-28:40
83            android:name="androidx.room.MultiInstanceInvalidationService"
83-->[androidx.room:room-runtime:2.2.6] AndroidManifest.xml:26:13-74
84            android:directBootAware="true"
84-->[androidx.room:room-runtime:2.2.6] AndroidManifest.xml:27:13-43
85            android:exported="false" />
85-->[androidx.room:room-runtime:2.2.6] AndroidManifest.xml:28:13-37
86        <!--
87             FirebaseMessagingService performs security checks at runtime,
88             but set to not exported to explicitly avoid allowing another app to call it.
89        -->
90        <service
90-->[com.google.firebase:firebase-messaging:21.0.1] AndroidManifest.xml:28:9-35:19
91            android:name="com.google.firebase.messaging.FirebaseMessagingService"
91-->[com.google.firebase:firebase-messaging:21.0.1] AndroidManifest.xml:29:13-82
92            android:directBootAware="true"
92-->[com.google.firebase:firebase-messaging:21.0.1] AndroidManifest.xml:30:13-43
93            android:exported="false" >
93-->[com.google.firebase:firebase-messaging:21.0.1] AndroidManifest.xml:31:13-37
94            <intent-filter android:priority="-500" >
94-->src\main\AndroidManifest.xml:36:13-38:29
95                <action android:name="com.google.firebase.MESSAGING_EVENT" />
95-->src\main\AndroidManifest.xml:37:17-78
95-->src\main\AndroidManifest.xml:37:25-75
96            </intent-filter>
97        </service>
98        <service
98-->[com.google.android.datatransport:transport-backend-cct:2.3.3] AndroidManifest.xml:29:9-35:19
99            android:name="com.google.android.datatransport.runtime.backends.TransportBackendDiscovery"
99-->[com.google.android.datatransport:transport-backend-cct:2.3.3] AndroidManifest.xml:30:13-103
100            android:exported="false" >
100-->[com.google.android.datatransport:transport-backend-cct:2.3.3] AndroidManifest.xml:31:13-37
101            <meta-data
101-->[com.google.android.datatransport:transport-backend-cct:2.3.3] AndroidManifest.xml:32:13-34:39
102                android:name="backend:com.google.android.datatransport.cct.CctBackendFactory"
102-->[com.google.android.datatransport:transport-backend-cct:2.3.3] AndroidManifest.xml:33:17-94
103                android:value="cct" />
103-->[com.google.android.datatransport:transport-backend-cct:2.3.3] AndroidManifest.xml:34:17-36
104        </service>
105
106        <receiver
106-->[com.google.firebase:firebase-iid:21.0.1] AndroidManifest.xml:37:9-44:20
107            android:name="com.google.firebase.iid.FirebaseInstanceIdReceiver"
107-->[com.google.firebase:firebase-iid:21.0.1] AndroidManifest.xml:38:13-78
108            android:exported="true"
108-->[com.google.firebase:firebase-iid:21.0.1] AndroidManifest.xml:39:13-36
109            android:permission="com.google.android.c2dm.permission.SEND" >
109-->[com.google.firebase:firebase-iid:21.0.1] AndroidManifest.xml:40:13-73
110            <intent-filter>
110-->[com.google.firebase:firebase-iid:21.0.1] AndroidManifest.xml:41:13-43:29
111                <action android:name="com.google.android.c2dm.intent.RECEIVE" />
111-->[com.google.firebase:firebase-iid:21.0.1] AndroidManifest.xml:42:17-81
111-->[com.google.firebase:firebase-iid:21.0.1] AndroidManifest.xml:42:25-78
112            </intent-filter>
113        </receiver>
114
115        <provider
115-->[com.google.firebase:firebase-common:19.5.0] AndroidManifest.xml:26:9-31:39
116            android:name="com.google.firebase.provider.FirebaseInitProvider"
116-->[com.google.firebase:firebase-common:19.5.0] AndroidManifest.xml:27:13-77
117            android:authorities="ru.netology.firebaseinitprovider"
117-->[com.google.firebase:firebase-common:19.5.0] AndroidManifest.xml:28:13-72
118            android:directBootAware="true"
118-->[com.google.firebase:firebase-common:19.5.0] AndroidManifest.xml:29:13-43
119            android:exported="false"
119-->[com.google.firebase:firebase-common:19.5.0] AndroidManifest.xml:30:13-37
120            android:initOrder="100" />
120-->[com.google.firebase:firebase-common:19.5.0] AndroidManifest.xml:31:13-36
121
122        <activity
122-->[com.google.android.gms:play-services-base:17.0.0] AndroidManifest.xml:23:9-26:75
123            android:name="com.google.android.gms.common.api.GoogleApiActivity"
123-->[com.google.android.gms:play-services-base:17.0.0] AndroidManifest.xml:24:13-79
124            android:exported="false"
124-->[com.google.android.gms:play-services-base:17.0.0] AndroidManifest.xml:25:13-37
125            android:theme="@android:style/Theme.Translucent.NoTitleBar" />
125-->[com.google.android.gms:play-services-base:17.0.0] AndroidManifest.xml:26:13-72
126
127        <meta-data
127-->[com.google.android.gms:play-services-basement:17.2.1] AndroidManifest.xml:23:9-25:69
128            android:name="com.google.android.gms.version"
128-->[com.google.android.gms:play-services-basement:17.2.1] AndroidManifest.xml:24:13-58
129            android:value="@integer/google_play_services_version" />
129-->[com.google.android.gms:play-services-basement:17.2.1] AndroidManifest.xml:25:13-66
130
131        <service
131-->[com.google.android.datatransport:transport-runtime:2.2.5] AndroidManifest.xml:26:9-30:19
132            android:name="com.google.android.datatransport.runtime.scheduling.jobscheduling.JobInfoSchedulerService"
132-->[com.google.android.datatransport:transport-runtime:2.2.5] AndroidManifest.xml:27:13-117
133            android:exported="false"
133-->[com.google.android.datatransport:transport-runtime:2.2.5] AndroidManifest.xml:28:13-37
134            android:permission="android.permission.BIND_JOB_SERVICE" >
134-->[com.google.android.datatransport:transport-runtime:2.2.5] AndroidManifest.xml:29:13-69
135        </service>
136
137        <receiver
137-->[com.google.android.datatransport:transport-runtime:2.2.5] AndroidManifest.xml:32:9-34:40
138            android:name="com.google.android.datatransport.runtime.scheduling.jobscheduling.AlarmManagerSchedulerBroadcastReceiver"
138-->[com.google.android.datatransport:transport-runtime:2.2.5] AndroidManifest.xml:33:13-132
139            android:exported="false" />
139-->[com.google.android.datatransport:transport-runtime:2.2.5] AndroidManifest.xml:34:13-37
140    </application>
141
142</manifest>